[2023-03-05 20:01:08,085] multiqc                                            [DEBUG  ]  This is MultiQC v1.14
[2023-03-05 20:01:08,085] multiqc                                            [DEBUG  ]  Command used: /home/sofia/miniconda3/envs/metagenomica/bin/multiqc -d ../outputs/fastq -o ../outputs/multiqc -f -ip
[2023-03-05 20:01:08,970] multiqc                                            [DEBUG  ]  Latest MultiQC version is v1.14
[2023-03-05 20:01:08,970] multiqc                                            [DEBUG  ]  Working dir : /home/sofia/Documentos/metagenomica/bin
[2023-03-05 20:01:08,970] multiqc                                            [DEBUG  ]  Template    : default
[2023-03-05 20:01:08,970] multiqc                                            [DEBUG  ]  Running Python 3.9.16 (main, Mar  1 2023, 18:22:10)  [GCC 11.2.0]
[2023-03-05 20:01:08,970] multiqc                                            [INFO   ]  Prepending directory to sample names
[2023-03-05 20:01:08,971] multiqc                                            [DEBUG  ]  Analysing modules: custom_content, ccs, ngsderive, purple, conpair, lima, peddy, somalier, methylQA, mosdepth, phantompeakqualtools, qualimap, preseq, hifiasm, quast, qorts, rna_seqc, rockhopper, rsem, rseqc, busco, bustools, goleft_indexcov, gffcompare, disambiguate, supernova, deeptools, sargasso, verifybamid, mirtrace, happy, mirtop, sambamba, gopeaks, homer, hops, macs2, theta2, snpeff, gatk, htseq, bcftools, featureCounts, fgbio, dragen, dragen_fastqc, dedup, pbmarkdup, damageprofiler, biobambam2, jcvi, mtnucratio, picard, vep, sentieon, prokka, qc3C, nanostat, samblaster, samtools, sexdeterrmine, eigenstratdatabasetools, bamtools, jellyfish, vcftools, longranger, stacks, varscan2, snippy, umitools, bbmap, bismark, biscuit, diamond, hicexplorer, hicup, hicpro, salmon, kallisto, slamdunk, star, hisat2, tophat, bowtie2, bowtie1, cellranger, snpsplit, odgi, pangolin, nextclade, humid, kat, leehom, adapterRemoval, bbduk, clipandmerge, cutadapt, flexbar, kaiju, kraken, malt, motus, trimmomatic, sickle, skewer, sortmerna, biobloomtools, fastq_screen, afterqc, fastp, fastqc, filtlong, prinseqplusplus, pychopper, porechop, pycoqc, minionqc, anglerfish, multivcfanalyzer, clusterflow, checkqc, bcl2fastq, bclconvert, interop, ivar, flash, seqyclean, optitype, whatshap
[2023-03-05 20:01:08,972] multiqc                                            [DEBUG  ]  Using temporary directory for creating report: /tmp/tmp2u3poym4
[2023-03-05 20:01:09,167] multiqc                                            [INFO   ]  Search path : /home/sofia/Documentos/metagenomica/outputs/fastq
[2023-03-05 20:01:16,541] multiqc                                            [DEBUG  ]  Summary of files that were skipped by the search: [skipped_module_specific_max_filesize: 1553] // [skipped_no_match: 141]
[2023-03-05 20:01:16,709] multiqc.plots.bargraph                             [DEBUG  ]  Using matplotlib version 3.4.3
[2023-03-05 20:01:16,709] multiqc.plots.linegraph                            [DEBUG  ]  Using matplotlib version 3.4.3
[2023-03-05 20:01:16,710] multiqc                                            [DEBUG  ]  No samples found: custom_content
[2023-03-05 20:01:18,395] multiqc.modules.fastqc.fastqc                      [INFO   ]  Found 141 reports
[2023-03-05 20:01:20,646] multiqc                                            [INFO   ]  Compressing plot data
[2023-03-05 20:01:21,983] multiqc                                            [WARNING]  Deleting    : ../outputs/multiqc/multiqc_report.html   (-f was specified)
[2023-03-05 20:01:21,984] multiqc                                            [WARNING]  Deleting    : ../outputs/multiqc/multiqc_data   (-f was specified)
[2023-03-05 20:01:21,985] multiqc                                            [INFO   ]  Report      : ../outputs/multiqc/multiqc_report.html
[2023-03-05 20:01:21,985] multiqc                                            [INFO   ]  Data        : ../outputs/multiqc/multiqc_data
[2023-03-05 20:01:21,985] multiqc                                            [DEBUG  ]  Moving data file from '/tmp/tmp2u3poym4/multiqc_data' to '../outputs/multiqc/multiqc_data'
[2023-03-05 20:01:22,070] multiqc                                            [INFO   ]  MultiQC complete
